# JRE version: Java(TM) SE Runtime Environment (17.0.12+8) (build 17.0.12+8-LTS-286)
# Java VM: Java HotSpot(TM) 64-Bit Server VM (17.0.12+8-LTS-286, mixed mode, sharing, tiered, compressed oops, compressed class ptrs, g1 gc, windows-amd64)
GC Precious Log:
 CPUs: 8 total, 8 available
 Memory: 32413M
 Large Page Support: Disabled
 NUMA Support: Disabled
 Compressed Oops: Enabled (Zero based)
 Heap Region Size: 4M
 Heap Min Capacity: 8M
 Heap Initial Capacity: 508M
 Heap Max Capacity: 8104M
 Pre-touch: Disabled
 Parallel Workers: 8
 Concurrent Workers: 2
 Concurrent Refinement Workers: 8
 Periodic GC: Disabled
Heap:
 garbage-first heap   total 139264K, used 39649K [0x0000000605800000, 0x0000000800000000)
  region size 4096K, 2 young (8192K), 1 survivors (4096K)
 Metaspace       used 84276K, committed 84928K, reserved 1179648K
  class space    used 11553K, committed 11840K, reserved 1048576K
GC Heap History (20 events):
Event: 67928.910 GC heap before
{Heap before GC invocations=34 (full 0):
 garbage-first heap   total 139264K, used 113393K [0x0000000605800000, 0x0000000800000000)
  region size 4096K, 19 young (77824K), 1 survivors (4096K)
 Metaspace       used 83897K, committed 84544K, reserved 1179648K
  class space    used 11544K, committed 11840K, reserved 1048576K
}
Event: 67928.922 GC heap after
{Heap after GC invocations=35 (full 0):
 garbage-first heap   total 139264K, used 39856K [0x0000000605800000, 0x0000000800000000)
  region size 4096K, 1 young (4096K), 1 survivors (4096K)
 Metaspace       used 83897K, committed 84544K, reserved 1179648K
  class space    used 11544K, committed 11840K, reserved 1048576K
}
Event: 70650.255 GC heap before
{Heap before GC invocations=35 (full 0):
 garbage-first heap   total 139264K, used 113584K [0x0000000605800000, 0x0000000800000000)
  region size 4096K, 19 young (77824K), 1 survivors (4096K)
 Metaspace       used 83938K, committed 84544K, reserved 1179648K
  class space    used 11545K, committed 11840K, reserved 1048576K
}
Event: 70650.268 GC heap after
{Heap after GC invocations=36 (full 0):
 garbage-first heap   total 139264K, used 39818K [0x0000000605800000, 0x0000000800000000)
  region size 4096K, 1 young (4096K), 1 survivors (4096K)
 Metaspace       used 83938K, committed 84544K, reserved 1179648K
  class space    used 11545K, committed 11840K, reserved 1048576K
}
Event: 73416.543 GC heap before
{Heap before GC invocations=36 (full 0):
 garbage-first heap   total 139264K, used 113546K [0x0000000605800000, 0x0000000800000000)
  region size 4096K, 19 young (77824K), 1 survivors (4096K)
 Metaspace       used 83977K, committed 84672K, reserved 1179648K
  class space    used 11545K, committed 11840K, reserved 1048576K
}
Event: 73416.549 GC heap after
{Heap after GC invocations=37 (full 0):
 garbage-first heap   total 139264K, used 39601K [0x0000000605800000, 0x0000000800000000)
  region size 4096K, 1 young (4096K), 1 survivors (4096K)
 Metaspace       used 83977K, committed 84672K, reserved 1179648K
  class space    used 11545K, committed 11840K, reserved 1048576K
}
Event: 76159.000 GC heap before
{Heap before GC invocations=37 (full 0):
 garbage-first heap   total 139264K, used 113329K [0x0000000605800000, 0x0000000800000000)
  region size 4096K, 19 young (77824K), 1 survivors (4096K)
 Metaspace       used 84172K, committed 84864K, reserved 1179648K
  class space    used 11545K, committed 11840K, reserved 1048576K
}
Event: 76159.010 GC heap after
{Heap after GC invocations=38 (full 0):
 garbage-first heap   total 139264K, used 39574K [0x0000000605800000, 0x0000000800000000)
  region size 4096K, 1 young (4096K), 1 survivors (4096K)
 Metaspace       used 84172K, committed 84864K, reserved 1179648K
  class space    used 11545K, committed 11840K, reserved 1048576K
}
Event: 78920.974 GC heap before
{Heap before GC invocations=38 (full 0):
 garbage-first heap   total 139264K, used 113302K [0x0000000605800000, 0x0000000800000000)
  region size 4096K, 19 young (77824K), 1 survivors (4096K)
 Metaspace       used 84189K, committed 84864K, reserved 1179648K
  class space    used 11545K, committed 11840K, reserved 1048576K
}
Event: 78920.982 GC heap after
{Heap after GC invocations=39 (full 0):
 garbage-first heap   total 139264K, used 39607K [0x0000000605800000, 0x0000000800000000)
  region size 4096K, 1 young (4096K), 1 survivors (4096K)
 Metaspace       used 84189K, committed 84864K, reserved 1179648K
  class space    used 11545K, committed 11840K, reserved 1048576K
}
Event: 81654.174 GC heap before
{Heap before GC invocations=39 (full 0):
 garbage-first heap   total 139264K, used 113335K [0x0000000605800000, 0x0000000800000000)
  region size 4096K, 19 young (77824K), 1 survivors (4096K)
 Metaspace       used 84201K, committed 84864K, reserved 1179648K
  class space    used 11545K, committed 11840K, reserved 1048576K
}
Event: 81654.178 GC heap after
{Heap after GC invocations=40 (full 0):
 garbage-first heap   total 139264K, used 39683K [0x0000000605800000, 0x0000000800000000)
  region size 4096K, 1 young (4096K), 1 survivors (4096K)
 Metaspace       used 84201K, committed 84864K, reserved 1179648K
  class space    used 11545K, committed 11840K, reserved 1048576K
}
Event: 84415.226 GC heap before
{Heap before GC invocations=40 (full 0):
 garbage-first heap   total 139264K, used 113411K [0x0000000605800000, 0x0000000800000000)
  region size 4096K, 19 young (77824K), 1 survivors (4096K)
 Metaspace       used 84208K, committed 84864K, reserved 1179648K
  class space    used 11545K, committed 11840K, reserved 1048576K
}
Event: 84415.238 GC heap after
{Heap after GC invocations=41 (full 0):
 garbage-first heap   total 139264K, used 39706K [0x0000000605800000, 0x0000000800000000)
  region size 4096K, 1 young (4096K), 1 survivors (4096K)
 Metaspace       used 84208K, committed 84864K, reserved 1179648K
  class space    used 11545K, committed 11840K, reserved 1048576K
}
Event: 87265.427 GC heap before
{Heap before GC invocations=41 (full 0):
 garbage-first heap   total 139264K, used 113434K [0x0000000605800000, 0x0000000800000000)
  region size 4096K, 19 young (77824K), 1 survivors (4096K)
 Metaspace       used 84209K, committed 84864K, reserved 1179648K
  class space    used 11545K, committed 11840K, reserved 1048576K
}
Event: 87265.443 GC heap after
{Heap after GC invocations=42 (full 0):
 garbage-first heap   total 139264K, used 39632K [0x0000000605800000, 0x0000000800000000)
  region size 4096K, 1 young (4096K), 1 survivors (4096K)
 Metaspace       used 84209K, committed 84864K, reserved 1179648K
  class space    used 11545K, committed 11840K, reserved 1048576K
}
Event: 89960.080 GC heap before
{Heap before GC invocations=42 (full 0):
 garbage-first heap   total 139264K, used 113360K [0x0000000605800000, 0x0000000800000000)
  region size 4096K, 19 young (77824K), 1 survivors (4096K)
 Metaspace       used 84227K, committed 84864K, reserved 1179648K
  class space    used 11545K, committed 11840K, reserved 1048576K
}
Event: 89960.092 GC heap after
{Heap after GC invocations=43 (full 0):
 garbage-first heap   total 139264K, used 39656K [0x0000000605800000, 0x0000000800000000)
  region size 4096K, 1 young (4096K), 1 survivors (4096K)
 Metaspace       used 84227K, committed 84864K, reserved 1179648K
  class space    used 11545K, committed 11840K, reserved 1048576K
}
Event: 92676.583 GC heap before
{Heap before GC invocations=43 (full 0):
 garbage-first heap   total 139264K, used 113384K [0x0000000605800000, 0x0000000800000000)
  region size 4096K, 19 young (77824K), 1 survivors (4096K)
 Metaspace       used 84242K, committed 84928K, reserved 1179648K
  class space    used 11545K, committed 11840K, reserved 1048576K
}
Event: 92676.587 GC heap after
{Heap after GC invocations=44 (full 0):
 garbage-first heap   total 139264K, used 39649K [0x0000000605800000, 0x0000000800000000)
  region size 4096K, 1 young (4096K), 1 survivors (4096K)
 Metaspace       used 84242K, committed 84928K, reserved 1179648K
  class space    used 11545K, committed 11840K, reserved 1048576K
}

